54d58f45-bac6-4364-90a3-3a2408f6a04a	Thu Aug 25 16:47:50 MSK 2022	INFO		Some info
191c9116-ea57-4377-ac44-a426be11e375	Thu Aug 25 16:47:50 MSK 2022	WARNING		Some warning
bc35bc4c-9d4f-409b-bd49-41473cb395c3	Thu Aug 25 16:47:50 MSK 2022	ERROR		Some error
4253154a-b591-4a6c-8562-a540a07209e2	Thu Aug 25 16:47:52 MSK 2022	INFO		Some info2
044f28c0-c04b-4f3b-a2dd-4b6e1acb823e	Thu Aug 25 16:47:52 MSK 2022	ERROR	[DEBUG]	Some error
17777d6d-cc8f-4eb1-9fc1-05462a65810d	Thu Aug 25 16:47:52 MSK 2022	ERROR	[MAIN]	Some error
17782f78-548d-448d-b8da-fec05ce89aaa	Thu Aug 25 16:47:52 MSK 2022	ERROR	<WEIRD SOURCE>	That one has come from weird place
04732426-e1de-4134-a09d-31ecacc3a91e	Thu Aug 25 16:47:52 MSK 2022	ERROR		Some error occured
35e0260b-9a1d-4ced-ab6d-834e6bc91c7a	Thu Aug 25 16:47:52 MSK 2022	ERROR		And the same moment something else happened!
6abbfd43-2f9a-40da-a572-c7755b7a1dca	Thu Aug 25 16:47:54 MSK 2022	INFO		Red info message
63eeb41f-9569-4af7-b1c9-b77f73029fff	Thu Aug 25 16:47:54 MSK 2022	ERROR		well, that's an error
a879346a-8b5a-480e-b69c-d1701a35b345	Thu Aug 25 16:47:54 MSK 2022	ERROR		error event occured!
68659da0-86e1-4089-8dbd-172da3c4ebd2	Thu Aug 25 16:47:54 MSK 2022	NOTE	[MAIN]	Event from default template
1b5f8ebe-4fa8-4052-8e65-90add1cc7b97	Fri Oct 14 22:29:26 MSK 2022	INFO		Some info
1d97e197-efe7-4d38-9c02-257eae6180f8	Fri Oct 14 22:29:26 MSK 2022	WARNING		Some warning
ddafc28f-2961-4d85-b8c3-597e3943d5f0	Fri Oct 14 22:29:26 MSK 2022	ERROR		Some error
60960aee-6bd3-41fb-99ef-13281b7ecd86	Fri Oct 14 22:29:28 MSK 2022	INFO		Some info2
47b8c67e-0391-4a58-901b-cabd29ba6c9a	Fri Oct 14 22:29:28 MSK 2022	ERROR	[DEBUG]	Some error
eebb0082-ef51-4332-9630-b35bc94aa387	Fri Oct 14 22:29:28 MSK 2022	ERROR	[MAIN]	Some error
29f3b71c-99cc-46e6-8003-88de34b945f0	Fri Oct 14 22:29:28 MSK 2022	ERROR	<WEIRD SOURCE>	That one has come from weird place
f0747ddf-0156-42f2-8932-4dfe07e1ab03	Fri Oct 14 22:29:28 MSK 2022	ERROR		Some error occured
996f179f-882e-4592-84f3-15d04f2f20bc	Fri Oct 14 22:29:28 MSK 2022	ERROR		And the same moment something else happened!
4be867f5-6b45-4fa0-96f4-eba36fb3729c	Fri Oct 14 22:29:30 MSK 2022	INFO		Red info message
dd41f379-c89e-48c6-a919-7db12fcc6701	Fri Oct 14 22:29:30 MSK 2022	ERROR		well, that's an error
bb312bd8-62e6-44dc-8008-974a478ad072	Fri Oct 14 22:29:30 MSK 2022	ERROR		error event occured!
03afc5f4-4299-4dde-a375-03896062c3af	Fri Oct 14 22:29:30 MSK 2022	NOTE	[MAIN]	Event from default template
d7c304c2-9956-4518-ab9c-d0d6cf6fc065	Fri Oct 14 22:29:52 MSK 2022	INFO		Some info
ea961b04-4805-4f4f-8cfd-73114b371767	Fri Oct 14 22:29:52 MSK 2022	WARNING		Some warning
d0356627-076f-4ffb-9645-3c70974b57e9	Fri Oct 14 22:29:52 MSK 2022	ERROR		Some error
d8d263dd-a34b-4024-be57-038de9be2f2f	Fri Oct 14 22:29:54 MSK 2022	INFO		Some info2
9259e387-6280-4627-b17e-fc070f341779	Fri Oct 14 22:29:54 MSK 2022	ERROR	[DEBUG]	Some error
480eac75-2972-4b1d-8fd8-4d6ca9a2f9eb	Fri Oct 14 22:29:54 MSK 2022	ERROR	[MAIN]	Some error
75b8bef4-0137-45d9-a5ed-6b62cfa0be25	Fri Oct 14 22:29:54 MSK 2022	ERROR	<WEIRD SOURCE>	That one has come from weird place
9df4be05-d4af-44d1-8784-74c475085764	Fri Oct 14 22:29:54 MSK 2022	ERROR		Some error occured
3cb851b8-bff9-43a4-9eda-b5f2a072a17c	Fri Oct 14 22:29:54 MSK 2022	ERROR		And the same moment something else happened!
2daffe33-873e-45a8-858b-1deffbb360e3	Fri Oct 14 22:29:56 MSK 2022	INFO		Red info message
2c8f1620-c586-4d8a-aee4-dfb88f0450ea	Fri Oct 14 22:29:56 MSK 2022	ERROR		well, that's an error
9436ec5e-8205-4aa3-a55f-254f49d6b125	Fri Oct 14 22:29:56 MSK 2022	ERROR		error event occured!
b3a5324a-353e-4be9-86d1-2fc45d3062e9	Fri Oct 14 22:29:56 MSK 2022	NOTE	[MAIN]	Event from default template
